<?xml version="1.0" encoding="UTF-8"?>
<!-- Generated by org.testng.reporters.JUnitReportReporter -->
<testsuite hostname="LAPTOP-5TH0HK7L" failures="0" tests="1" name="runner.RunnerClass" time="18.732" errors="0" timestamp="2024-10-15T21:45:26 IST" skipped="0">
  <testcase classname="runner.RunnerClass" name="runScenario" time="18.732"/>
  <system-out/>
</testsuite> <!-- runner.RunnerClass -->
