<?xml version="1.0" encoding="UTF-8"?>
<!-- Generated by org.testng.reporters.JUnitReportReporter -->
<testsuite hostname="LAPTOP-5TH0HK7L" failures="0" tests="1" name="steps.EURcurrency" time="22.466" errors="0" timestamp="2024-04-02T11:31:05 IST" skipped="0">
  <testcase classname="steps.EURcurrency" name="testEUR" time="22.466"/>
  <system-out/>
</testsuite> <!-- steps.EURcurrency -->
